<?xml version="1.0" encoding="UTF-8"?>
<!-- Generated by org.testng.reporters.JUnitReportReporter -->
<testsuite hostname="DESKTOP-Q7G0FAN" failures="0" tests="4" name="WebDri_Assignment.GmailLoginAnnotation" time="0.012" errors="0" timestamp="2024-10-14T22:28:04 IST" skipped="1">
  <testcase classname="WebDri_Assignment.GmailLoginAnnotation" name="test1" time="0.009"/>
  <testcase classname="WebDri_Assignment.GmailLoginAnnotation" name="login" time="0.002"/>
  <testcase classname="WebDri_Assignment.GmailLoginAnnotation" name="home" time="0.001"/>
  <testcase classname="WebDri_Assignment.GmailLoginAnnotation" name="alpha">
    <skipped/>
  </testcase> <!-- alpha -->
</testsuite> <!-- WebDri_Assignment.GmailLoginAnnotation -->
